0 info it worked if it ends with ok
1 verbose cli [ '/home/juanmardefago/.nvm/versions/node/v6.11.5/bin/node',
1 verbose cli   '/home/juanmardefago/.nvm/versions/node/v6.11.5/bin/npm',
1 verbose cli   'run',
1 verbose cli   'all-dev' ]
2 info using npm@3.10.10
3 info using node@v6.11.5
4 verbose run-script [ 'preall-dev', 'all-dev', 'postall-dev' ]
5 info lifecycle @~preall-dev: @
6 silly lifecycle @~preall-dev: no script for preall-dev, continuing
7 info lifecycle @~all-dev: @
8 verbose lifecycle @~all-dev: unsafe-perm in lifecycle true
9 verbose lifecycle @~all-dev: PATH: /home/juanmardefago/.nvm/versions/node/v6.11.5/lib/node_modules/npm/bin/node-gyp-bin:/media/juanmardefago/Storage/Facultad/Desarrollo/dapp-unq-grupo-f-2017/node_modules/.bin:/usr/lib/jvm/java-8-openjdk-amd64/bin:/home/juanmardefago/.nvm/versions/node/v6.11.5/bin:/usr/lib/jvm/java-1.8.0-openjdk-amd64/bin:/usr/local/bin:/usr/bin:/bin:/usr/local/games:/usr/games
10 verbose lifecycle @~all-dev: CWD: /media/juanmardefago/Storage/Facultad/Desarrollo/dapp-unq-grupo-f-2017
11 silly lifecycle @~all-dev: Args: [ '-c',
11 silly lifecycle   'npm run build-frontend && npm run build-backend && npm run dev' ]
12 silly lifecycle @~all-dev: Returned: code: 1  signal: null
13 info lifecycle @~all-dev: Failed to exec all-dev script
14 verbose stack Error: @ all-dev: `npm run build-frontend && npm run build-backend && npm run dev`
14 verbose stack Exit status 1
14 verbose stack     at EventEmitter.<anonymous> (/home/juanmardefago/.nvm/versions/node/v6.11.5/lib/node_modules/npm/lib/utils/lifecycle.js:255:16)
14 verbose stack     at emitTwo (events.js:106:13)
14 verbose stack     at EventEmitter.emit (events.js:191:7)
14 verbose stack     at ChildProcess.<anonymous> (/home/juanmardefago/.nvm/versions/node/v6.11.5/lib/node_modules/npm/lib/utils/spawn.js:40:14)
14 verbose stack     at emitTwo (events.js:106:13)
14 verbose stack     at ChildProcess.emit (events.js:191:7)
14 verbose stack     at maybeClose (internal/child_process.js:920:16)
14 verbose stack     at Process.ChildProcess._handle.onexit (internal/child_process.js:230:5)
15 verbose pkgid @
16 verbose cwd /media/juanmardefago/Storage/Facultad/Desarrollo/dapp-unq-grupo-f-2017
17 error Linux 4.9.0-4-amd64
18 error argv "/home/juanmardefago/.nvm/versions/node/v6.11.5/bin/node" "/home/juanmardefago/.nvm/versions/node/v6.11.5/bin/npm" "run" "all-dev"
19 error node v6.11.5
20 error npm  v3.10.10
21 error code ELIFECYCLE
22 error @ all-dev: `npm run build-frontend && npm run build-backend && npm run dev`
22 error Exit status 1
23 error Failed at the @ all-dev script 'npm run build-frontend && npm run build-backend && npm run dev'.
23 error Make sure you have the latest version of node.js and npm installed.
23 error If you do, this is most likely a problem with the  package,
23 error not with npm itself.
23 error Tell the author that this fails on your system:
23 error     npm run build-frontend && npm run build-backend && npm run dev
23 error You can get information on how to open an issue for this project with:
23 error     npm bugs
23 error Or if that isn't available, you can get their info via:
23 error     npm owner ls
23 error There is likely additional logging output above.
24 verbose exit [ 1, true ]
